<?xml version="1.0" encoding="UTF-8"?>
<!-- Generated by org.testng.reporters.JUnitXMLReporter -->
<testsuite ignored="0" hostname="LAPTOP-FL55BQK7" failures="0" tests="4" name="Surefire test" time="4.103" errors="0" timestamp="2025-11-26T15:42:05 IST">
  <testcase classname="com.tap.assessment.RoleTest" name="testAddNewRole" time="1.658"/>
  <testcase classname="com.tap.assessment.RoleTest" name="testGetAllRoles" time="1.682"/>
  <testcase classname="com.tap.assessment.RoleTest" name="testGetUsersByRole" time="0.092"/>
  <testcase classname="com.tap.assessment.RoleTest" name="testRemoveExitingRole" time="0.021"/>
</testsuite> <!-- Surefire test -->
