<?xml version="1.0" encoding="UTF-8"?>
<!-- Generated by org.testng.reporters.JUnitXMLReporter -->
<testsuite ignored="0" hostname="LAPTOP-FL55BQK7" failures="0" tests="3" name="Surefire test" time="4.64" errors="0" timestamp="2025-11-25T16:03:40 IST">
  <testcase classname="com.tap.assessment.RoleTest" name="testGetAllRoles" time="3.752"/>
  <testcase classname="com.tap.assessment.RoleTest" name="testGetUsersByRole" time="0.091"/>
  <testcase classname="com.tap.assessment.RoleTest" name="testRemoveExitingRole" time="0.029"/>
</testsuite> <!-- Surefire test -->
