<?xml version="1.0" encoding="UTF-8"?>
<!-- Generated by org.testng.reporters.JUnitXMLReporter -->
<testsuite ignored="0" hostname="LAPTOP-FL55BQK7" failures="1" tests="3" name="Surefire test" time="4.011" errors="0" timestamp="2025-11-27T10:31:06 IST">
  <testcase classname="com.tap.assessment.RoleTest" name="testGetAllRoles" time="3.146"/>
  <testcase classname="com.tap.assessment.RoleTest" name="testGetUsersByRole" time="0.098"/>
  <testcase classname="com.tap.assessment.RoleTest" name="testRemoveExistingRole" time="0.031">
    <failure type="java.lang.AssertionError" message="Role ID 22 does not exist – TEST FAILED">
      <![CDATA[java.lang.AssertionError: Role ID 22 does not exist – TEST FAILED
at com.tap.assessment.RoleTest.testRemoveExistingRole(RoleTest.java:144)
at java.base/java.util.ArrayList.forEach(ArrayList.java:1596)
... Removed 31 stack frames]]>
    </failure>
  </testcase> <!-- testRemoveExistingRole -->
</testsuite> <!-- Surefire test -->
