<?xml version="1.0" encoding="UTF-8"?>
<!-- Generated by org.testng.reporters.JUnitXMLReporter -->
<testsuite ignored="0" hostname="LAPTOP-FL55BQK7" failures="0" tests="3" name="Surefire test" time="4.982" errors="0" timestamp="2025-11-24T17:08:18 IST">
  <testcase classname="com.tap.assessment.AsessmentTest" name="testGetAllAssessmentByDate" time="2.963"/>
  <testcase classname="com.tap.assessment.AsessmentTest" name="testGetAllEmployee" time="0.413"/>
  <testcase classname="com.tap.assessment.AsessmentTest" name="testGetAssessmentDetails" time="0.86"/>
</testsuite> <!-- Surefire test -->
