<?xml version="1.0" encoding="UTF-8"?>
<!-- Generated by org.testng.reporters.JUnitXMLReporter -->
<testsuite ignored="0" hostname="LAPTOP-FL55BQK7" failures="0" tests="5" name="Surefire test" time="4.645" errors="0" timestamp="2025-11-24T17:29:54 IST">
  <testcase classname="com.tap.assessment.AsessmentTest" name="testGetAllAssessmentByDate" time="2.415"/>
  <testcase classname="com.tap.assessment.AsessmentTest" name="testGetAllEmployee" time="0.234"/>
  <testcase classname="com.tap.assessment.AsessmentTest" name="testGetAllSubjects" time="0.315"/>
  <testcase classname="com.tap.assessment.AsessmentTest" name="testGetAssessmentDetails" time="0.734"/>
  <testcase classname="com.tap.assessment.AsessmentTest" name="testGetEmployeeById" time="0.158"/>
</testsuite> <!-- Surefire test -->
