<?xml version="1.0" encoding="UTF-8"?>
<!-- Generated by org.testng.reporters.JUnitReportReporter -->
<testsuite hostname="LAPTOP-FL55BQK7" failures="0" tests="3" name="com.tap.assessment.RoleTest" time="3.581" errors="0" timestamp="2025-11-25T16:38:18 IST" skipped="0">
  <testcase classname="com.tap.assessment.RoleTest" name="testGetAllRoles" time="3.458"/>
  <testcase classname="com.tap.assessment.RoleTest" name="testGetUsersByRole" time="0.100"/>
  <testcase classname="com.tap.assessment.RoleTest" name="testRemoveExitingRole" time="0.023"/>
</testsuite> <!-- com.tap.assessment.RoleTest -->
