<?xml version="1.0" encoding="UTF-8"?>
<!-- Generated by org.testng.reporters.JUnitReportReporter -->
<testsuite hostname="LAPTOP-FL55BQK7" failures="0" tests="4" name="com.tap.assessment.RoleTest" time="3.366" errors="0" timestamp="2025-11-26T16:46:54 IST" skipped="0">
  <testcase classname="com.tap.assessment.RoleTest" name="testGetAllRoles" time="1.493"/>
  <testcase classname="com.tap.assessment.RoleTest" name="testRemoveExistingRole" time="0.021"/>
  <testcase classname="com.tap.assessment.RoleTest" name="testAddNewRole" time="1.771"/>
  <testcase classname="com.tap.assessment.RoleTest" name="testGetUsersByRole" time="0.081"/>
</testsuite> <!-- com.tap.assessment.RoleTest -->
