<?xml version="1.0" encoding="UTF-8"?>
<!-- Generated by org.testng.reporters.JUnitReportReporter -->
<testsuite hostname="LAPTOP-FL55BQK7" failures="0" tests="3" name="com.tap.assessment.AsessmentTest" time="4.236" errors="0" timestamp="2025-11-24T17:08:18 IST" skipped="0">
  <testcase classname="com.tap.assessment.AsessmentTest" name="testGetAssessmentDetails" time="0.860"/>
  <testcase classname="com.tap.assessment.AsessmentTest" name="testGetAllEmployee" time="0.413"/>
  <testcase classname="com.tap.assessment.AsessmentTest" name="testGetAllAssessmentByDate" time="2.963"/>
</testsuite> <!-- com.tap.assessment.AsessmentTest -->
