<?xml version="1.0" encoding="UTF-8"?>
<!-- Generated by org.testng.reporters.JUnitReportReporter -->
<testsuite hostname="LAPTOP-FL55BQK7" failures="0" tests="3" name="com.tap.assessment.RoleTest" time="3.052" errors="0" timestamp="2025-11-25T12:42:52 IST" skipped="0">
  <testcase classname="com.tap.assessment.RoleTest" name="testAddNewRole" time="2.649"/>
  <testcase classname="com.tap.assessment.RoleTest" name="testGetUserByRole" time="0.066"/>
  <testcase classname="com.tap.assessment.RoleTest" name="testGetAllRoles" time="0.337"/>
</testsuite> <!-- com.tap.assessment.RoleTest -->
