<?xml version="1.0" encoding="UTF-8"?>
<!-- Generated by org.testng.reporters.JUnitReportReporter -->
<testsuite hostname="LAPTOP-FL55BQK7" failures="0" tests="4" name="com.tap.assessment.RoleTest" time="3.453" errors="0" timestamp="2025-11-26T15:42:05 IST" skipped="0">
  <testcase classname="com.tap.assessment.RoleTest" name="testGetAllRoles" time="1.682"/>
  <testcase classname="com.tap.assessment.RoleTest" name="testGetUsersByRole" time="0.092"/>
  <testcase classname="com.tap.assessment.RoleTest" name="testRemoveExitingRole" time="0.021"/>
  <testcase classname="com.tap.assessment.RoleTest" name="testAddNewRole" time="1.658"/>
</testsuite> <!-- com.tap.assessment.RoleTest -->
