<?xml version="1.0" encoding="UTF-8"?>
<!-- Generated by org.testng.reporters.JUnitReportReporter -->
<testsuite hostname="LAPTOP-FL55BQK7" failures="0" tests="2" name="com.tap.assessment.RoleTest" time="2.208" errors="0" timestamp="2025-11-25T11:43:55 IST" skipped="0">
  <testcase classname="com.tap.assessment.RoleTest" name="testGetAllRoles" time="2.134"/>
  <testcase classname="com.tap.assessment.RoleTest" name="testGetUserByRole" time="0.074"/>
</testsuite> <!-- com.tap.assessment.RoleTest -->
