<?xml version="1.0" encoding="UTF-8"?>
<testng-results ignored="0" total="1" passed="1" failed="0" skipped="0">
  <reporter-output>
  </reporter-output>
  <suite started-at="2025-11-24T15:10:53 IST" name="Surefire suite" finished-at="2025-11-24T15:10:58 IST" duration-ms="4955">
    <groups>
    </groups>
    <test started-at="2025-11-24T15:10:53 IST" name="Surefire test" finished-at="2025-11-24T15:10:58 IST" duration-ms="4955">
      <class name="com.tap.assessment.AsessmentTest">
        <test-method is-config="true" signature="setup()[pri:0, instance:com.tap.assessment.AsessmentTest@1c93084c]" started-at="2025-11-24T15:10:53 IST" name="setup" finished-at="2025-11-24T15:10:53 IST" duration-ms="517" status="PASS">
          <reporter-output>
          </reporter-output>
        </test-method> <!-- setup -->
        <test-method signature="testGetAssessmentDetails()[pri:0, instance:com.tap.assessment.AsessmentTest@1c93084c]" started-at="2025-11-24T15:10:53 IST" name="testGetAssessmentDetails" finished-at="2025-11-24T15:10:58 IST" duration-ms="4401" status="PASS">
          <reporter-output>
          </reporter-output>
        </test-method> <!-- testGetAssessmentDetails -->
      </class> <!-- com.tap.assessment.AsessmentTest -->
    </test> <!-- Surefire test -->
  </suite> <!-- Surefire suite -->
</testng-results>
