<?xml version="1.0" encoding="UTF-8"?>
<testng-results ignored="0" total="1" passed="1" failed="0" skipped="0">
  <reporter-output>
  </reporter-output>
  <suite started-at="2025-11-25T11:26:30 IST" name="Surefire suite" finished-at="2025-11-25T11:26:33 IST" duration-ms="2290">
    <groups>
    </groups>
    <test started-at="2025-11-25T11:26:30 IST" name="Surefire test" finished-at="2025-11-25T11:26:33 IST" duration-ms="2290">
      <class name="com.tap.assessment.RoleTest">
        <test-method is-config="true" signature="setup()[pri:0, instance:com.tap.assessment.RoleTest@1c93084c]" started-at="2025-11-25T11:26:30 IST" name="setup" finished-at="2025-11-25T11:26:31 IST" duration-ms="488" status="PASS">
          <reporter-output>
          </reporter-output>
        </test-method> <!-- setup -->
        <test-method signature="testGetAllRoles()[pri:0, instance:com.tap.assessment.RoleTest@1c93084c]" started-at="2025-11-25T11:26:31 IST" name="testGetAllRoles" finished-at="2025-11-25T11:26:32 IST" duration-ms="1759" status="PASS">
          <reporter-output>
          </reporter-output>
        </test-method> <!-- testGetAllRoles -->
      </class> <!-- com.tap.assessment.RoleTest -->
    </test> <!-- Surefire test -->
  </suite> <!-- Surefire suite -->
</testng-results>
