<?xml version="1.0" encoding="UTF-8"?>
<testng-results ignored="0" total="3" passed="3" failed="0" skipped="0">
  <reporter-output>
  </reporter-output>
  <suite started-at="2025-11-24T17:08:13 IST" name="Surefire suite" finished-at="2025-11-24T17:08:18 IST" duration-ms="4982">
    <groups>
    </groups>
    <test started-at="2025-11-24T17:08:13 IST" name="Surefire test" finished-at="2025-11-24T17:08:18 IST" duration-ms="4982">
      <class name="com.tap.assessment.AsessmentTest">
        <test-method is-config="true" signature="setup()[pri:0, instance:com.tap.assessment.AsessmentTest@10e92f8f]" started-at="2025-11-24T17:08:13 IST" name="setup" finished-at="2025-11-24T17:08:14 IST" duration-ms="700" status="PASS">
          <reporter-output>
          </reporter-output>
        </test-method> <!-- setup -->
        <test-method signature="testGetAllAssessmentByDate()[pri:0, instance:com.tap.assessment.AsessmentTest@10e92f8f]" started-at="2025-11-24T17:08:14 IST" name="testGetAllAssessmentByDate" finished-at="2025-11-24T17:08:17 IST" duration-ms="2963" status="PASS">
          <reporter-output>
          </reporter-output>
        </test-method> <!-- testGetAllAssessmentByDate -->
        <test-method signature="testGetAllEmployee()[pri:0, instance:com.tap.assessment.AsessmentTest@10e92f8f]" started-at="2025-11-24T17:08:17 IST" name="testGetAllEmployee" finished-at="2025-11-24T17:08:17 IST" duration-ms="413" status="PASS">
          <reporter-output>
          </reporter-output>
        </test-method> <!-- testGetAllEmployee -->
        <test-method signature="testGetAssessmentDetails()[pri:0, instance:com.tap.assessment.AsessmentTest@10e92f8f]" started-at="2025-11-24T17:08:17 IST" name="testGetAssessmentDetails" finished-at="2025-11-24T17:08:18 IST" duration-ms="860" status="PASS">
          <reporter-output>
          </reporter-output>
        </test-method> <!-- testGetAssessmentDetails -->
      </class> <!-- com.tap.assessment.AsessmentTest -->
    </test> <!-- Surefire test -->
  </suite> <!-- Surefire suite -->
</testng-results>
