<?xml version="1.0" encoding="UTF-8"?>
<testng-results ignored="0" total="3" passed="3" failed="0" skipped="0">
  <reporter-output>
  </reporter-output>
  <suite started-at="2025-11-25T12:42:49 IST" name="Surefire suite" finished-at="2025-11-25T12:42:52 IST" duration-ms="3580">
    <groups>
    </groups>
    <test started-at="2025-11-25T12:42:49 IST" name="Surefire test" finished-at="2025-11-25T12:42:52 IST" duration-ms="3580">
      <class name="com.tap.assessment.RoleTest">
        <test-method is-config="true" signature="setup()[pri:0, instance:com.tap.assessment.RoleTest@22a637e7]" started-at="2025-11-25T12:42:49 IST" name="setup" finished-at="2025-11-25T12:42:49 IST" duration-ms="488" status="PASS">
          <reporter-output>
          </reporter-output>
        </test-method> <!-- setup -->
        <test-method signature="testAddNewRole()[pri:0, instance:com.tap.assessment.RoleTest@22a637e7]" started-at="2025-11-25T12:42:49 IST" name="testAddNewRole" finished-at="2025-11-25T12:42:52 IST" duration-ms="2649" status="PASS">
          <reporter-output>
          </reporter-output>
        </test-method> <!-- testAddNewRole -->
        <test-method signature="testGetAllRoles()[pri:0, instance:com.tap.assessment.RoleTest@22a637e7]" started-at="2025-11-25T12:42:52 IST" name="testGetAllRoles" finished-at="2025-11-25T12:42:52 IST" duration-ms="337" status="PASS">
          <reporter-output>
          </reporter-output>
        </test-method> <!-- testGetAllRoles -->
        <test-method signature="testGetUserByRole()[pri:0, instance:com.tap.assessment.RoleTest@22a637e7]" started-at="2025-11-25T12:42:52 IST" name="testGetUserByRole" finished-at="2025-11-25T12:42:52 IST" duration-ms="66" status="PASS">
          <reporter-output>
          </reporter-output>
        </test-method> <!-- testGetUserByRole -->
      </class> <!-- com.tap.assessment.RoleTest -->
    </test> <!-- Surefire test -->
  </suite> <!-- Surefire suite -->
</testng-results>
