<?xml version="1.0" encoding="UTF-8"?>
<testng-results ignored="0" total="2" passed="2" failed="0" skipped="0">
  <reporter-output>
  </reporter-output>
  <suite started-at="2025-11-25T11:43:52 IST" name="Surefire suite" finished-at="2025-11-25T11:43:55 IST" duration-ms="2910">
    <groups>
    </groups>
    <test started-at="2025-11-25T11:43:52 IST" name="Surefire test" finished-at="2025-11-25T11:43:55 IST" duration-ms="2910">
      <class name="com.tap.assessment.RoleTest">
        <test-method is-config="true" signature="setup()[pri:0, instance:com.tap.assessment.RoleTest@69b2283a]" started-at="2025-11-25T11:43:52 IST" name="setup" finished-at="2025-11-25T11:43:53 IST" duration-ms="647" status="PASS">
          <reporter-output>
          </reporter-output>
        </test-method> <!-- setup -->
        <test-method signature="testGetAllRoles()[pri:0, instance:com.tap.assessment.RoleTest@69b2283a]" started-at="2025-11-25T11:43:53 IST" name="testGetAllRoles" finished-at="2025-11-25T11:43:55 IST" duration-ms="2134" status="PASS">
          <reporter-output>
          </reporter-output>
        </test-method> <!-- testGetAllRoles -->
        <test-method signature="testGetUserByRole()[pri:0, instance:com.tap.assessment.RoleTest@69b2283a]" started-at="2025-11-25T11:43:55 IST" name="testGetUserByRole" finished-at="2025-11-25T11:43:55 IST" duration-ms="74" status="PASS">
          <reporter-output>
          </reporter-output>
        </test-method> <!-- testGetUserByRole -->
      </class> <!-- com.tap.assessment.RoleTest -->
    </test> <!-- Surefire test -->
  </suite> <!-- Surefire suite -->
</testng-results>
