<?xml version="1.0" encoding="UTF-8"?>
<testng-results ignored="0" total="4" passed="4" failed="0" skipped="0">
  <reporter-output>
  </reporter-output>
  <suite started-at="2025-11-26T16:46:50 IST" name="Surefire suite" finished-at="2025-11-26T16:46:54 IST" duration-ms="3982">
    <groups>
    </groups>
    <test started-at="2025-11-26T16:46:50 IST" name="Surefire test" finished-at="2025-11-26T16:46:54 IST" duration-ms="3982">
      <class name="com.tap.assessment.RoleTest">
        <test-method is-config="true" signature="setup()[pri:0, instance:com.tap.assessment.RoleTest@6f96c77]" started-at="2025-11-26T16:46:50 IST" name="setup" finished-at="2025-11-26T16:46:51 IST" duration-ms="565" status="PASS">
          <reporter-output>
          </reporter-output>
        </test-method> <!-- setup -->
        <test-method signature="testAddNewRole()[pri:0, instance:com.tap.assessment.RoleTest@6f96c77]" started-at="2025-11-26T16:46:51 IST" name="testAddNewRole" finished-at="2025-11-26T16:46:53 IST" duration-ms="1771" status="PASS">
          <reporter-output>
          </reporter-output>
        </test-method> <!-- testAddNewRole -->
        <test-method signature="testGetAllRoles()[pri:0, instance:com.tap.assessment.RoleTest@6f96c77]" started-at="2025-11-26T16:46:53 IST" name="testGetAllRoles" finished-at="2025-11-26T16:46:54 IST" duration-ms="1493" status="PASS">
          <reporter-output>
          </reporter-output>
        </test-method> <!-- testGetAllRoles -->
        <test-method signature="testGetUsersByRole()[pri:0, instance:com.tap.assessment.RoleTest@6f96c77]" started-at="2025-11-26T16:46:54 IST" name="testGetUsersByRole" finished-at="2025-11-26T16:46:54 IST" duration-ms="81" status="PASS">
          <reporter-output>
          </reporter-output>
        </test-method> <!-- testGetUsersByRole -->
        <test-method signature="testRemoveExistingRole()[pri:0, instance:com.tap.assessment.RoleTest@6f96c77]" started-at="2025-11-26T16:46:54 IST" name="testRemoveExistingRole" finished-at="2025-11-26T16:46:54 IST" duration-ms="21" status="PASS">
          <reporter-output>
          </reporter-output>
        </test-method> <!-- testRemoveExistingRole -->
      </class> <!-- com.tap.assessment.RoleTest -->
    </test> <!-- Surefire test -->
  </suite> <!-- Surefire suite -->
</testng-results>
