<?xml version="1.0" encoding="UTF-8"?>
<testng-results ignored="0" total="5" passed="5" failed="0" skipped="0">
  <reporter-output>
  </reporter-output>
  <suite started-at="2025-11-24T17:29:50 IST" name="Surefire suite" finished-at="2025-11-24T17:29:54 IST" duration-ms="4645">
    <groups>
    </groups>
    <test started-at="2025-11-24T17:29:50 IST" name="Surefire test" finished-at="2025-11-24T17:29:54 IST" duration-ms="4645">
      <class name="com.tap.assessment.AsessmentTest">
        <test-method is-config="true" signature="setup()[pri:0, instance:com.tap.assessment.AsessmentTest@78b66d36]" started-at="2025-11-24T17:29:50 IST" name="setup" finished-at="2025-11-24T17:29:50 IST" duration-ms="724" status="PASS">
          <reporter-output>
          </reporter-output>
        </test-method> <!-- setup -->
        <test-method signature="testGetAllAssessmentByDate()[pri:0, instance:com.tap.assessment.AsessmentTest@78b66d36]" started-at="2025-11-24T17:29:50 IST" name="testGetAllAssessmentByDate" finished-at="2025-11-24T17:29:53 IST" duration-ms="2415" status="PASS">
          <reporter-output>
          </reporter-output>
        </test-method> <!-- testGetAllAssessmentByDate -->
        <test-method signature="testGetAllEmployee()[pri:0, instance:com.tap.assessment.AsessmentTest@78b66d36]" started-at="2025-11-24T17:29:53 IST" name="testGetAllEmployee" finished-at="2025-11-24T17:29:53 IST" duration-ms="234" status="PASS">
          <reporter-output>
          </reporter-output>
        </test-method> <!-- testGetAllEmployee -->
        <test-method signature="testGetAllSubjects()[pri:0, instance:com.tap.assessment.AsessmentTest@78b66d36]" started-at="2025-11-24T17:29:53 IST" name="testGetAllSubjects" finished-at="2025-11-24T17:29:53 IST" duration-ms="315" status="PASS">
          <reporter-output>
          </reporter-output>
        </test-method> <!-- testGetAllSubjects -->
        <test-method signature="testGetAssessmentDetails()[pri:0, instance:com.tap.assessment.AsessmentTest@78b66d36]" started-at="2025-11-24T17:29:53 IST" name="testGetAssessmentDetails" finished-at="2025-11-24T17:29:54 IST" duration-ms="734" status="PASS">
          <reporter-output>
          </reporter-output>
        </test-method> <!-- testGetAssessmentDetails -->
        <test-method signature="testGetEmployeeById()[pri:0, instance:com.tap.assessment.AsessmentTest@78b66d36]" started-at="2025-11-24T17:29:54 IST" name="testGetEmployeeById" finished-at="2025-11-24T17:29:54 IST" duration-ms="158" status="PASS">
          <reporter-output>
          </reporter-output>
        </test-method> <!-- testGetEmployeeById -->
      </class> <!-- com.tap.assessment.AsessmentTest -->
    </test> <!-- Surefire test -->
  </suite> <!-- Surefire suite -->
</testng-results>
